<?xml version="1.0" encoding="UTF-8"?>
<!-- Generated by org.testng.reporters.JUnitReportReporter -->
<testsuite hostname="DESKTOP-A7C74EC" failures="0" tests="4" name="TestCases.CompletePageTest" time="17.016" errors="0" timestamp="2023-01-01T16:40:59 IST" skipped="3">
  <testcase classname="TestCases.CompletePageTest" name="verifyThanksLableTest" time="17.016"/>
  <testcase classname="TestCases.CompletePageTest" name="verifyPonyLogoTest">
    <skipped/>
  </testcase> <!-- verifyPonyLogoTest -->
  <testcase classname="TestCases.CompletePageTest" name="verifyCheckoutCompletTest">
    <skipped/>
  </testcase> <!-- verifyCheckoutCompletTest -->
  <testcase classname="TestCases.CompletePageTest" name="verifyBackHomeTest">
    <skipped/>
  </testcase> <!-- verifyBackHomeTest -->
</testsuite> <!-- TestCases.CompletePageTest -->
