<?xml version="1.0" encoding="UTF-8"?>
<!-- Generated by org.testng.reporters.JUnitReportReporter -->
<testsuite hostname="DESKTOP-A7C74EC" failures="0" tests="6" name="TestCases.LoginPageTest" time="63.016" errors="0" timestamp="2023-01-06T15:01:09 IST" skipped="0">
  <testcase classname="TestCases.LoginPageTest" name="verifyBotLogoTest" time="1.648"/>
  <testcase classname="TestCases.LoginPageTest" name="verifyLoginLogoTest" time="17.801"/>
  <testcase classname="TestCases.LoginPageTest" name="verifyTitleTest" time="17.718"/>
  <testcase classname="TestCases.LoginPageTest" name="verifyCurrentUrlTest" time="1.583"/>
  <testcase classname="TestCases.LoginPageTest" name="verifyProductsTest" time="4.046"/>
  <testcase classname="TestCases.LoginPageTest" name="verifyLoginToTest" time="20.220"/>
</testsuite> <!-- TestCases.LoginPageTest -->
