<?xml version="1.0" encoding="UTF-8"?>
<!-- Generated by org.testng.reporters.JUnitReportReporter -->
<testsuite hostname="DESKTOP-A7C74EC" failures="0" tests="3" name="TestCases.CheckoutPage2Test" time="19.495" errors="0" timestamp="2023-01-10T18:22:31 IST" skipped="2">
  <testcase classname="TestCases.CheckoutPage2Test" name="verifyLinksTest" time="19.495"/>
  <testcase classname="TestCases.CheckoutPage2Test" name="verifyFinishTest">
    <skipped/>
  </testcase> <!-- verifyFinishTest -->
  <testcase classname="TestCases.CheckoutPage2Test" name="verifyCheckoutOverview">
    <skipped/>
  </testcase> <!-- verifyCheckoutOverview -->
</testsuite> <!-- TestCases.CheckoutPage2Test -->
