<?xml version="1.0" encoding="UTF-8"?>
<!-- Generated by org.testng.reporters.JUnitReportReporter -->
<testsuite hostname="DESKTOP-A7C74EC" failures="0" tests="5" name="TestCases.CartPageTest" time="28.683" errors="0" timestamp="2022-12-31T11:48:57 IST" skipped="4">
  <testcase classname="TestCases.CartPageTest" name="verifyCheckoutBtnTest" time="28.683"/>
  <testcase classname="TestCases.CartPageTest" name="verifyQtyTest">
    <skipped/>
  </testcase> <!-- verifyQtyTest -->
  <testcase classname="TestCases.CartPageTest" name="verifyCurrentUrlTest">
    <skipped/>
  </testcase> <!-- verifyCurrentUrlTest -->
  <testcase classname="TestCases.CartPageTest" name="verifyRemoveProductTest">
    <skipped/>
  </testcase> <!-- verifyRemoveProductTest -->
  <testcase classname="TestCases.CartPageTest" name="verifyDescription">
    <skipped/>
  </testcase> <!-- verifyDescription -->
</testsuite> <!-- TestCases.CartPageTest -->
