<?xml version="1.0" encoding="UTF-8"?>
<!-- Generated by org.testng.reporters.JUnitReportReporter -->
<testsuite hostname="DESKTOP-A7C74EC" failures="0" tests="5" name="TestCases.ParallelTest" time="98.508" errors="0" timestamp="2023-01-08T19:53:19 IST" skipped="0">
  <testcase classname="TestCases.ParallelTest" name="test1" time="8.986"/>
  <testcase classname="TestCases.ParallelTest" name="test5" time="45.688"/>
  <testcase classname="TestCases.ParallelTest" name="test2" time="25.847"/>
  <testcase classname="TestCases.ParallelTest" name="test3" time="8.986"/>
  <testcase classname="TestCases.ParallelTest" name="test4" time="9.001"/>
</testsuite> <!-- TestCases.ParallelTest -->
