<?xml version="1.0" encoding="UTF-8"?>
<!-- Generated by org.testng.reporters.JUnitReportReporter -->
<testsuite hostname="DESKTOP-A7C74EC" failures="0" tests="3" name="OrangeTestCase.DashboardPageTest" time="9.202" errors="0" timestamp="2023-01-11T22:33:22 IST" skipped="2">
  <testcase classname="OrangeTestCase.DashboardPageTest" name="verifyTitleTest" time="9.202"/>
  <testcase classname="OrangeTestCase.DashboardPageTest" name="verifyPichartLogoTest">
    <skipped/>
  </testcase> <!-- verifyPichartLogoTest -->
  <testcase classname="OrangeTestCase.DashboardPageTest" name="verifyCurrentUrlTest">
    <skipped/>
  </testcase> <!-- verifyCurrentUrlTest -->
</testsuite> <!-- OrangeTestCase.DashboardPageTest -->
