<?xml version="1.0" encoding="UTF-8"?>
<!-- Generated by org.testng.reporters.JUnitReportReporter -->
<testsuite hostname="DESKTOP-A7C74EC" failures="0" tests="2" name="TestCases.CheckoutPageTest" time="42.256" errors="0" timestamp="2023-01-01T15:39:35 IST" skipped="0">
  <testcase classname="TestCases.CheckoutPageTest" name="verifyChecoutTitleTest" time="28.806"/>
  <testcase classname="TestCases.CheckoutPageTest" name="verifyContBtn" time="13.450"/>
</testsuite> <!-- TestCases.CheckoutPageTest -->
