<?xml version="1.0" encoding="UTF-8"?>
<!-- Generated by org.testng.reporters.JUnitReportReporter -->
<testsuite hostname="DESKTOP-A7C74EC" failures="0" tests="9" name="TestCases.InventoryPageTest" time="36.381" errors="0" timestamp="2023-01-06T15:01:09 IST" skipped="5">
  <testcase classname="TestCases.InventoryPageTest" name="verifyTwitterLinkTest" time="20.185"/>
  <testcase classname="TestCases.InventoryPageTest" name="verifyLinkdinLinkTest" time="7.984"/>
  <testcase classname="TestCases.InventoryPageTest" name="verifyPeekLogoTest" time="4.265"/>
  <testcase classname="TestCases.InventoryPageTest" name="verifyFacebookLinkTest" time="3.947"/>
  <testcase classname="TestCases.InventoryPageTest" name="verifyMoreLinkTest">
    <skipped/>
  </testcase> <!-- verifyMoreLinkTest -->
  <testcase classname="TestCases.InventoryPageTest" name="addProductTest">
    <skipped/>
  </testcase> <!-- addProductTest -->
  <testcase classname="TestCases.InventoryPageTest" name="verifyYourCartTest">
    <skipped/>
  </testcase> <!-- verifyYourCartTest -->
  <testcase classname="TestCases.InventoryPageTest" name="verifyOptionBtnTest">
    <skipped/>
  </testcase> <!-- verifyOptionBtnTest -->
  <testcase classname="TestCases.InventoryPageTest" name="verifyFooterRobotTest">
    <skipped/>
  </testcase> <!-- verifyFooterRobotTest -->
</testsuite> <!-- TestCases.InventoryPageTest -->
