<?xml version="1.0" encoding="UTF-8"?>
<!-- Generated by org.testng.reporters.JUnitReportReporter -->
<testsuite hostname="DESKTOP-A7C74EC" failures="0" tests="1" name="TestCases.FailedTestPractice" time="19.074" errors="0" timestamp="2023-01-06T08:27:23 IST" skipped="0">
  <testcase classname="TestCases.FailedTestPractice" name="verifyLoginLogoTest" time="19.074"/>
</testsuite> <!-- TestCases.FailedTestPractice -->
