<?xml version="1.0" encoding="UTF-8"?>
<!-- Generated by org.testng.reporters.JUnitReportReporter -->
<testsuite hostname="DESKTOP-A7C74EC" failures="0" tests="4" name="OrangeTestCase.LoginpageTest" time="25.696" errors="0" timestamp="2023-01-11T22:17:26 IST" skipped="3">
  <testcase classname="OrangeTestCase.LoginpageTest" name="verifyMultipleLinksTest" time="25.696"/>
  <testcase classname="OrangeTestCase.LoginpageTest" name="verifyLoginLogoTest">
    <skipped/>
  </testcase> <!-- verifyLoginLogoTest -->
  <testcase classname="OrangeTestCase.LoginpageTest" name="verifyCurrentUrlTest">
    <skipped/>
  </testcase> <!-- verifyCurrentUrlTest -->
  <testcase classname="OrangeTestCase.LoginpageTest" name="verifyLoginTest">
    <skipped/>
  </testcase> <!-- verifyLoginTest -->
</testsuite> <!-- OrangeTestCase.LoginpageTest -->
